2026/05/04 18:54:06 [notice] 1#1: using the "epoll" event method
2026/05/04 18:54:06 [notice] 1#1: nginx/1.29.8
2026/05/04 18:54:06 [notice] 1#1: built by gcc 14.2.0 (Debian 14.2.0-19) 
2026/05/04 18:54:06 [notice] 1#1: OS: Linux 6.10.14-linuxkit
2026/05/04 18:54:06 [notice] 1#1: getrlimit(RLIMIT_NOFILE): 1048576:1048576
2026/05/04 18:54:06 [notice] 1#1: start worker processes
2026/05/04 18:54:06 [notice] 1#1: start worker process 22
2026/05/04 18:54:06 [notice] 1#1: start worker process 23
2026/05/04 18:54:06 [notice] 1#1: start worker process 24
2026/05/04 18:54:06 [notice] 1#1: start worker process 25
2026/05/04 18:54:06 [notice] 1#1: start worker process 26
2026/05/04 18:54:06 [notice] 1#1: start worker process 27
2026/05/04 18:54:06 [notice] 1#1: start worker process 28
2026/05/04 18:54:06 [notice] 1#1: start worker process 29
2026/05/04 18:54:06 [notice] 1#1: start worker process 30
2026/05/04 18:54:06 [notice] 1#1: start worker process 31
2026/05/04 18:54:06 [notice] 1#1: start worker process 32
2026/05/04 18:54:06 [notice] 1#1: start worker process 33
2026/05/04 18:54:25 [error] 23#23: *1 open() "/usr/share/nginx/html/favicon.ico" failed (2: No such file or directory), client: 192.168.65.1, server: localhost, request: "GET /favicon.ico HTTP/1.1", host: "localhost:82", referrer: "http://localhost:82/"
2026/05/04 18:55:56 [notice] 1#1: signal 3 (SIGQUIT) received, shutting down
2026/05/04 18:55:56 [notice] 22#22: gracefully shutting down
2026/05/04 18:55:56 [notice] 24#24: gracefully shutting down
2026/05/04 18:55:56 [notice] 24#24: exiting
2026/05/04 18:55:56 [notice] 25#25: gracefully shutting down
2026/05/04 18:55:56 [notice] 23#23: gracefully shutting down
2026/05/04 18:55:56 [notice] 23#23: exiting
2026/05/04 18:55:56 [notice] 26#26: gracefully shutting down
2026/05/04 18:55:56 [notice] 26#26: exiting
2026/05/04 18:55:56 [notice] 27#27: gracefully shutting down
2026/05/04 18:55:56 [notice] 27#27: exiting
2026/05/04 18:55:56 [notice] 28#28: gracefully shutting down
2026/05/04 18:55:56 [notice] 28#28: exiting
2026/05/04 18:55:56 [notice] 32#32: gracefully shutting down
2026/05/04 18:55:56 [notice] 32#32: exiting
2026/05/04 18:55:56 [notice] 31#31: gracefully shutting down
2026/05/04 18:55:56 [notice] 31#31: exiting
2026/05/04 18:55:56 [notice] 29#29: gracefully shutting down
2026/05/04 18:55:56 [notice] 29#29: exiting
2026/05/04 18:55:56 [notice] 30#30: gracefully shutting down
2026/05/04 18:55:56 [notice] 30#30: exiting
2026/05/04 18:55:56 [notice] 33#33: gracefully shutting down
2026/05/04 18:55:56 [notice] 22#22: exiting
2026/05/04 18:55:56 [notice] 22#22: exit
2026/05/04 18:55:56 [notice] 24#24: exit
2026/05/04 18:55:56 [notice] 25#25: exiting
2026/05/04 18:55:56 [notice] 23#23: exit
2026/05/04 18:55:56 [notice] 26#26: exit
2026/05/04 18:55:56 [notice] 27#27: exit
2026/05/04 18:55:56 [notice] 28#28: exit
2026/05/04 18:55:56 [notice] 32#32: exit
2026/05/04 18:55:56 [notice] 31#31: exit
2026/05/04 18:55:56 [notice] 29#29: exit
2026/05/04 18:55:56 [notice] 30#30: exit
2026/05/04 18:55:56 [notice] 33#33: exiting
2026/05/04 18:55:56 [notice] 25#25: exit
2026/05/04 18:55:56 [notice] 33#33: exit
2026/05/04 18:55:56 [notice] 1#1: signal 17 (SIGCHLD) received from 30
2026/05/04 18:55:56 [notice] 1#1: worker process 22 exited with code 0
2026/05/04 18:55:56 [notice] 1#1: worker process 24 exited with code 0
2026/05/04 18:55:56 [notice] 1#1: worker process 26 exited with code 0
2026/05/04 18:55:56 [notice] 1#1: worker process 27 exited with code 0
2026/05/04 18:55:56 [notice] 1#1: worker process 28 exited with code 0
2026/05/04 18:55:56 [notice] 1#1: worker process 29 exited with code 0
2026/05/04 18:55:56 [notice] 1#1: worker process 30 exited with code 0
2026/05/04 18:55:56 [notice] 1#1: worker process 31 exited with code 0
2026/05/04 18:55:56 [notice] 1#1: worker process 32 exited with code 0
2026/05/04 18:55:56 [notice] 1#1: signal 29 (SIGIO) received
2026/05/04 18:55:56 [notice] 1#1: signal 17 (SIGCHLD) received from 31
2026/05/04 18:55:56 [notice] 1#1: signal 17 (SIGCHLD) received from 33
2026/05/04 18:55:56 [notice] 1#1: worker process 33 exited with code 0
2026/05/04 18:55:56 [notice] 1#1: signal 29 (SIGIO) received
2026/05/04 18:55:56 [notice] 1#1: signal 17 (SIGCHLD) received from 23
2026/05/04 18:55:56 [notice] 1#1: worker process 23 exited with code 0
2026/05/04 18:55:56 [notice] 1#1: worker process 25 exited with code 0
2026/05/04 18:55:56 [notice] 1#1: exit
2026/05/04 18:57:08 [notice] 1#1: using the "epoll" event method
2026/05/04 18:57:08 [notice] 1#1: nginx/1.29.8
2026/05/04 18:57:08 [notice] 1#1: built by gcc 14.2.0 (Debian 14.2.0-19) 
2026/05/04 18:57:08 [notice] 1#1: OS: Linux 6.10.14-linuxkit
2026/05/04 18:57:08 [notice] 1#1: getrlimit(RLIMIT_NOFILE): 1048576:1048576
2026/05/04 18:57:08 [notice] 1#1: start worker processes
2026/05/04 18:57:08 [notice] 1#1: start worker process 22
2026/05/04 18:57:08 [notice] 1#1: start worker process 23
2026/05/04 18:57:08 [notice] 1#1: start worker process 24
2026/05/04 18:57:08 [notice] 1#1: start worker process 25
2026/05/04 18:57:08 [notice] 1#1: start worker process 26
2026/05/04 18:57:08 [notice] 1#1: start worker process 27
2026/05/04 18:57:08 [notice] 1#1: start worker process 28
2026/05/04 18:57:08 [notice] 1#1: start worker process 29
2026/05/04 18:57:08 [notice] 1#1: start worker process 30
2026/05/04 18:57:08 [notice] 1#1: start worker process 31
2026/05/04 18:57:08 [notice] 1#1: start worker process 32
2026/05/04 18:57:08 [notice] 1#1: start worker process 33
2026/05/04 19:09:22 [notice] 1#1: signal 3 (SIGQUIT) received, shutting down
2026/05/04 19:09:22 [notice] 22#22: gracefully shutting down
2026/05/04 19:09:22 [notice] 23#23: gracefully shutting down
2026/05/04 19:09:22 [notice] 23#23: exiting
2026/05/04 19:09:22 [notice] 24#24: gracefully shutting down
2026/05/04 19:09:22 [notice] 31#31: gracefully shutting down
2026/05/04 19:09:22 [notice] 31#31: exiting
2026/05/04 19:09:22 [notice] 29#29: gracefully shutting down
2026/05/04 19:09:22 [notice] 30#30: gracefully shutting down
2026/05/04 19:09:22 [notice] 26#26: gracefully shutting down
2026/05/04 19:09:22 [notice] 26#26: exiting
2026/05/04 19:09:22 [notice] 25#25: gracefully shutting down
2026/05/04 19:09:22 [notice] 27#27: gracefully shutting down
2026/05/04 19:09:22 [notice] 28#28: gracefully shutting down
2026/05/04 19:09:22 [notice] 32#32: gracefully shutting down
2026/05/04 19:09:22 [notice] 33#33: gracefully shutting down
2026/05/04 19:09:22 [notice] 22#22: exiting
2026/05/04 19:09:22 [notice] 23#23: exit
2026/05/04 19:09:22 [notice] 24#24: exiting
2026/05/04 19:09:22 [notice] 31#31: exit
2026/05/04 19:09:22 [notice] 29#29: exiting
2026/05/04 19:09:22 [notice] 30#30: exiting
2026/05/04 19:09:22 [notice] 26#26: exit
2026/05/04 19:09:22 [notice] 25#25: exiting
2026/05/04 19:09:22 [notice] 27#27: exiting
2026/05/04 19:09:22 [notice] 28#28: exiting
2026/05/04 19:09:22 [notice] 32#32: exiting
2026/05/04 19:09:22 [notice] 33#33: exiting
2026/05/04 19:09:22 [notice] 22#22: exit
2026/05/04 19:09:22 [notice] 24#24: exit
2026/05/04 19:09:22 [notice] 29#29: exit
2026/05/04 19:09:22 [notice] 30#30: exit
2026/05/04 19:09:22 [notice] 25#25: exit
2026/05/04 19:09:22 [notice] 27#27: exit
2026/05/04 19:09:22 [notice] 28#28: exit
2026/05/04 19:09:22 [notice] 32#32: exit
2026/05/04 19:09:22 [notice] 33#33: exit
2026/05/04 19:09:22 [notice] 1#1: signal 17 (SIGCHLD) received from 26
2026/05/04 19:09:22 [notice] 1#1: worker process 26 exited with code 0
2026/05/04 19:09:22 [notice] 1#1: worker process 30 exited with code 0
2026/05/04 19:09:22 [notice] 1#1: signal 29 (SIGIO) received
2026/05/04 19:09:22 [notice] 1#1: signal 17 (SIGCHLD) received from 30
2026/05/04 19:09:22 [notice] 1#1: signal 17 (SIGCHLD) received from 29
2026/05/04 19:09:22 [notice] 1#1: worker process 23 exited with code 0
2026/05/04 19:09:22 [notice] 1#1: worker process 29 exited with code 0
2026/05/04 19:09:22 [notice] 1#1: worker process 22 exited with code 0
2026/05/04 19:09:22 [notice] 1#1: worker process 24 exited with code 0
2026/05/04 19:09:22 [notice] 1#1: worker process 27 exited with code 0
2026/05/04 19:09:22 [notice] 1#1: worker process 28 exited with code 0
2026/05/04 19:09:22 [notice] 1#1: worker process 31 exited with code 0
2026/05/04 19:09:22 [notice] 1#1: worker process 32 exited with code 0
2026/05/04 19:09:22 [notice] 1#1: signal 29 (SIGIO) received
2026/05/04 19:09:22 [notice] 1#1: signal 17 (SIGCHLD) received from 31
2026/05/04 19:09:22 [notice] 1#1: signal 17 (SIGCHLD) received from 25
2026/05/04 19:09:22 [notice] 1#1: worker process 25 exited with code 0
2026/05/04 19:09:22 [notice] 1#1: worker process 33 exited with code 0
2026/05/04 19:09:22 [notice] 1#1: exit
2026/05/04 19:11:41 [notice] 1#1: using the "epoll" event method
2026/05/04 19:11:41 [notice] 1#1: nginx/1.29.8
2026/05/04 19:11:41 [notice] 1#1: built by gcc 14.2.0 (Debian 14.2.0-19) 
2026/05/04 19:11:41 [notice] 1#1: OS: Linux 6.10.14-linuxkit
2026/05/04 19:11:41 [notice] 1#1: getrlimit(RLIMIT_NOFILE): 1048576:1048576
2026/05/04 19:11:41 [notice] 1#1: start worker processes
2026/05/04 19:11:41 [notice] 1#1: start worker process 21
2026/05/04 19:11:41 [notice] 1#1: start worker process 22
2026/05/04 19:11:41 [notice] 1#1: start worker process 23
2026/05/04 19:11:41 [notice] 1#1: start worker process 24
2026/05/04 19:11:41 [notice] 1#1: start worker process 25
2026/05/04 19:11:41 [notice] 1#1: start worker process 26
2026/05/04 19:11:41 [notice] 1#1: start worker process 27
2026/05/04 19:11:41 [notice] 1#1: start worker process 28
2026/05/04 19:11:41 [notice] 1#1: start worker process 29
2026/05/04 19:11:41 [notice] 1#1: start worker process 30
2026/05/04 19:11:41 [notice] 1#1: start worker process 31
2026/05/04 19:11:41 [notice] 1#1: start worker process 32
2026/05/04 19:13:49 [notice] 1#1: signal 3 (SIGQUIT) received, shutting down
2026/05/04 19:13:49 [notice] 21#21: gracefully shutting down
2026/05/04 19:13:49 [notice] 21#21: exiting
2026/05/04 19:13:49 [notice] 22#22: gracefully shutting down
2026/05/04 19:13:49 [notice] 23#23: gracefully shutting down
2026/05/04 19:13:49 [notice] 24#24: gracefully shutting down
2026/05/04 19:13:49 [notice] 26#26: gracefully shutting down
2026/05/04 19:13:49 [notice] 26#26: exiting
2026/05/04 19:13:49 [notice] 25#25: gracefully shutting down
2026/05/04 19:13:49 [notice] 25#25: exiting
2026/05/04 19:13:49 [notice] 27#27: gracefully shutting down
2026/05/04 19:13:49 [notice] 30#30: gracefully shutting down
2026/05/04 19:13:49 [notice] 30#30: exiting
2026/05/04 19:13:49 [notice] 31#31: gracefully shutting down
2026/05/04 19:13:49 [notice] 28#28: gracefully shutting down
2026/05/04 19:13:49 [notice] 28#28: exiting
2026/05/04 19:13:49 [notice] 29#29: gracefully shutting down
2026/05/04 19:13:49 [notice] 32#32: gracefully shutting down
2026/05/04 19:13:49 [notice] 21#21: exit
2026/05/04 19:13:49 [notice] 22#22: exiting
2026/05/04 19:13:49 [notice] 24#24: exiting
2026/05/04 19:13:49 [notice] 26#26: exit
2026/05/04 19:13:49 [notice] 25#25: exit
2026/05/04 19:13:49 [notice] 27#27: exiting
2026/05/04 19:13:49 [notice] 30#30: exit
2026/05/04 19:13:49 [notice] 31#31: exiting
2026/05/04 19:13:49 [notice] 28#28: exit
2026/05/04 19:13:49 [notice] 29#29: exiting
2026/05/04 19:13:49 [notice] 32#32: exiting
2026/05/04 19:13:49 [notice] 22#22: exit
2026/05/04 19:13:49 [notice] 24#24: exit
2026/05/04 19:13:49 [notice] 27#27: exit
2026/05/04 19:13:49 [notice] 31#31: exit
2026/05/04 19:13:49 [notice] 29#29: exit
2026/05/04 19:13:49 [notice] 32#32: exit
2026/05/04 19:13:49 [notice] 1#1: signal 17 (SIGCHLD) received from 28
2026/05/04 19:13:49 [notice] 1#1: worker process 28 exited with code 0
2026/05/04 19:13:49 [notice] 1#1: worker process 31 exited with code 0
2026/05/04 19:13:49 [notice] 1#1: signal 29 (SIGIO) received
2026/05/04 19:13:49 [notice] 1#1: signal 17 (SIGCHLD) received from 21
2026/05/04 19:13:49 [notice] 1#1: worker process 21 exited with code 0
2026/05/04 19:13:49 [notice] 1#1: worker process 24 exited with code 0
2026/05/04 19:13:49 [notice] 1#1: worker process 25 exited with code 0
2026/05/04 19:13:49 [notice] 1#1: worker process 26 exited with code 0
2026/05/04 19:13:49 [notice] 1#1: worker process 27 exited with code 0
2026/05/04 19:13:49 [notice] 1#1: worker process 29 exited with code 0
2026/05/04 19:13:49 [notice] 1#1: worker process 30 exited with code 0
2026/05/04 19:13:49 [notice] 1#1: worker process 32 exited with code 0
2026/05/04 19:13:49 [notice] 1#1: signal 29 (SIGIO) received
2026/05/04 19:13:49 [notice] 1#1: signal 17 (SIGCHLD) received from 25
2026/05/04 19:13:49 [notice] 1#1: signal 17 (SIGCHLD) received from 22
2026/05/04 19:13:49 [notice] 1#1: worker process 22 exited with code 0
2026/05/04 19:13:49 [notice] 1#1: signal 29 (SIGIO) received
2026/05/04 19:13:57 [emerg] 1#1: host not found in upstream "tomcat-8080:8080" in /etc/nginx/nginx.conf:32
2026/05/04 19:15:05 [emerg] 1#1: unexpected ";" in /etc/nginx/conf.d/default.conf:12
2026/05/04 19:15:57 [notice] 1#1: using the "epoll" event method
2026/05/04 19:15:57 [notice] 1#1: nginx/1.29.8
2026/05/04 19:15:57 [notice] 1#1: built by gcc 14.2.0 (Debian 14.2.0-19) 
2026/05/04 19:15:57 [notice] 1#1: OS: Linux 6.10.14-linuxkit
2026/05/04 19:15:57 [notice] 1#1: getrlimit(RLIMIT_NOFILE): 1048576:1048576
2026/05/04 19:15:57 [notice] 1#1: start worker processes
2026/05/04 19:15:57 [notice] 1#1: start worker process 22
2026/05/04 19:15:57 [notice] 1#1: start worker process 23
2026/05/04 19:15:57 [notice] 1#1: start worker process 24
2026/05/04 19:15:57 [notice] 1#1: start worker process 25
2026/05/04 19:15:57 [notice] 1#1: start worker process 26
2026/05/04 19:15:57 [notice] 1#1: start worker process 27
2026/05/04 19:15:57 [notice] 1#1: start worker process 28
2026/05/04 19:15:57 [notice] 1#1: start worker process 29
2026/05/04 19:15:57 [notice] 1#1: start worker process 30
2026/05/04 19:15:57 [notice] 1#1: start worker process 31
2026/05/04 19:15:57 [notice] 1#1: start worker process 32
2026/05/04 19:15:57 [notice] 1#1: start worker process 33
2026/05/06 21:48:20 [notice] 1#1: signal 3 (SIGQUIT) received, shutting down
2026/05/06 21:48:20 [notice] 30#30: gracefully shutting down
2026/05/06 21:48:20 [notice] 22#22: gracefully shutting down
2026/05/06 21:48:20 [notice] 31#31: gracefully shutting down
2026/05/06 21:48:20 [notice] 31#31: exiting
2026/05/06 21:48:20 [notice] 23#23: gracefully shutting down
2026/05/06 21:48:20 [notice] 23#23: exiting
2026/05/06 21:48:20 [notice] 24#24: gracefully shutting down
2026/05/06 21:48:20 [notice] 26#26: gracefully shutting down
2026/05/06 21:48:20 [notice] 33#33: gracefully shutting down
2026/05/06 21:48:20 [notice] 33#33: exiting
2026/05/06 21:48:20 [notice] 33#33: exit
2026/05/06 21:48:20 [notice] 27#27: gracefully shutting down
2026/05/06 21:48:20 [notice] 27#27: exiting
2026/05/06 21:48:20 [notice] 32#32: gracefully shutting down
2026/05/06 21:48:20 [notice] 25#25: gracefully shutting down
2026/05/06 21:48:20 [notice] 25#25: exiting
2026/05/06 21:48:20 [notice] 30#30: exiting
2026/05/06 21:48:20 [notice] 30#30: exit
2026/05/06 21:48:20 [notice] 22#22: exiting
2026/05/06 21:48:20 [notice] 22#22: exit
2026/05/06 21:48:20 [notice] 28#28: gracefully shutting down
2026/05/06 21:48:20 [notice] 29#29: gracefully shutting down
2026/05/06 21:48:20 [notice] 31#31: exit
2026/05/06 21:48:20 [notice] 23#23: exit
2026/05/06 21:48:20 [notice] 24#24: exiting
2026/05/06 21:48:20 [notice] 26#26: exiting
2026/05/06 21:48:20 [notice] 27#27: exit
2026/05/06 21:48:20 [notice] 26#26: exit
2026/05/06 21:48:20 [notice] 32#32: exiting
2026/05/06 21:48:20 [notice] 32#32: exit
2026/05/06 21:48:20 [notice] 25#25: exit
2026/05/06 21:48:20 [notice] 28#28: exiting
2026/05/06 21:48:20 [notice] 29#29: exiting
2026/05/06 21:48:20 [notice] 24#24: exit
2026/05/06 21:48:20 [notice] 28#28: exit
2026/05/06 21:48:20 [notice] 29#29: exit
2026/05/06 21:48:20 [notice] 1#1: signal 17 (SIGCHLD) received from 33
2026/05/06 21:48:20 [notice] 1#1: worker process 33 exited with code 0
2026/05/06 21:48:20 [notice] 1#1: signal 29 (SIGIO) received
2026/05/06 21:48:20 [notice] 1#1: signal 17 (SIGCHLD) received from 23
2026/05/06 21:48:20 [notice] 1#1: worker process 22 exited with code 0
2026/05/06 21:48:20 [notice] 1#1: worker process 23 exited with code 0
2026/05/06 21:48:20 [notice] 1#1: worker process 27 exited with code 0
2026/05/06 21:48:20 [notice] 1#1: worker process 28 exited with code 0
2026/05/06 21:48:20 [notice] 1#1: worker process 31 exited with code 0
2026/05/06 21:48:20 [notice] 1#1: signal 29 (SIGIO) received
2026/05/06 21:48:20 [notice] 1#1: signal 17 (SIGCHLD) received from 28
2026/05/06 21:48:20 [notice] 1#1: worker process 32 exited with code 0
2026/05/06 21:48:20 [notice] 1#1: worker process 30 exited with code 0
2026/05/06 21:48:20 [notice] 1#1: signal 29 (SIGIO) received
2026/05/06 21:48:20 [notice] 1#1: signal 17 (SIGCHLD) received from 32
2026/05/06 21:48:20 [notice] 1#1: worker process 26 exited with code 0
2026/05/06 21:48:20 [notice] 1#1: signal 29 (SIGIO) received
2026/05/06 21:48:20 [notice] 1#1: signal 17 (SIGCHLD) received from 26
2026/05/06 21:48:20 [notice] 1#1: signal 17 (SIGCHLD) received from 29
2026/05/06 21:48:20 [notice] 1#1: worker process 29 exited with code 0
2026/05/06 21:48:20 [notice] 1#1: signal 29 (SIGIO) received
2026/05/06 21:48:20 [notice] 1#1: signal 17 (SIGCHLD) received from 24
2026/05/06 21:48:20 [notice] 1#1: worker process 24 exited with code 0
2026/05/06 21:48:20 [notice] 1#1: worker process 25 exited with code 0
2026/05/06 21:48:20 [notice] 1#1: exit
